# JRE version: Java(TM) SE Runtime Environment (7.0_79-b15) (build 1.7.0_79-b15)
# Java VM: Java HotSpot(TM) 64-Bit Server VM (24.79-b02 mixed mode windows-amd64 compressed oops)
Heap
 PSYoungGen      total 559616K, used 65276K [0x00000007d5e80000, 0x00000007fbf80000, 0x0000000800000000)
  eden space 504832K, 3% used [0x00000007d5e80000,0x00000007d71fbad0,0x00000007f4b80000)
  from space 54784K, 82% used [0x00000007f8580000,0x00000007fb1c3680,0x00000007fbb00000)
  to   space 59392K, 0% used [0x00000007f4b80000,0x00000007f4b80000,0x00000007f8580000)
 ParOldGen       total 145920K, used 111362K [0x0000000781c00000, 0x000000078aa80000, 0x00000007d5e80000)
  object space 145920K, 76% used [0x0000000781c00000,0x00000007888c0a60,0x000000078aa80000)
 PSPermGen       total 39424K, used 39372K [0x000000077ca00000, 0x000000077f080000, 0x0000000781c00000)
  object space 39424K, 99% used [0x000000077ca00000,0x000000077f0730b8,0x000000077f080000)
GC Heap History (10 events):
Event: 8.887 GC heap before
{Heap before GC invocations=12 (full 2):
 PSYoungGen      total 400384K, used 32245K [0x00000007d5e80000, 0x00000007f5e80000, 0x0000000800000000)
  eden space 368128K, 0% used [0x00000007d5e80000,0x00000007d5e80000,0x00000007ec600000)
  from space 32256K, 99% used [0x00000007f3f00000,0x00000007f5e7d7d0,0x00000007f5e80000)
  to   space 40448K, 0% used [0x00000007f0f80000,0x00000007f0f80000,0x00000007f3700000)
 ParOldGen       total 86016K, used 72239K [0x0000000781c00000, 0x0000000787000000, 0x00000007d5e80000)
  object space 86016K, 83% used [0x0000000781c00000,0x000000078628bcb0,0x0000000787000000)
 PSPermGen       total 21504K, used 19380K [0x000000077ca00000, 0x000000077df00000, 0x0000000781c00000)
  object space 21504K, 90% used [0x000000077ca00000,0x000000077dced3e0,0x000000077df00000)
Event: 9.290 GC heap after
Heap after GC invocations=12 (full 2):
 PSYoungGen      total 400384K, used 0K [0x00000007d5e80000, 0x00000007f5e80000, 0x0000000800000000)
  eden space 368128K, 0% used [0x00000007d5e80000,0x00000007d5e80000,0x00000007ec600000)
  from space 32256K, 0% used [0x00000007f3f00000,0x00000007f3f00000,0x00000007f5e80000)
  to   space 40448K, 0% used [0x00000007f0f80000,0x00000007f0f80000,0x00000007f3700000)
 ParOldGen       total 145920K, used 76402K [0x0000000781c00000, 0x000000078aa80000, 0x00000007d5e80000)
  object space 145920K, 52% used [0x0000000781c00000,0x000000078669cad0,0x000000078aa80000)
 PSPermGen       total 29696K, used 19375K [0x000000077ca00000, 0x000000077e700000, 0x0000000781c00000)
  object space 29696K, 65% used [0x000000077ca00000,0x000000077dcebc20,0x000000077e700000)
}
Event: 11.556 GC heap before
{Heap before GC invocations=13 (full 2):
 PSYoungGen      total 400384K, used 368128K [0x00000007d5e80000, 0x00000007f5e80000, 0x0000000800000000)
  eden space 368128K, 100% used [0x00000007d5e80000,0x00000007ec600000,0x00000007ec600000)
  from space 32256K, 0% used [0x00000007f3f00000,0x00000007f3f00000,0x00000007f5e80000)
  to   space 40448K, 0% used [0x00000007f0f80000,0x00000007f0f80000,0x00000007f3700000)
 ParOldGen       total 145920K, used 76402K [0x0000000781c00000, 0x000000078aa80000, 0x00000007d5e80000)
  object space 145920K, 52% used [0x0000000781c00000,0x000000078669cad0,0x000000078aa80000)
 PSPermGen       total 29696K, used 26489K [0x000000077ca00000, 0x000000077e700000, 0x0000000781c00000)
  object space 29696K, 89% used [0x000000077ca00000,0x000000077e3de700,0x000000077e700000)
Event: 11.588 GC heap after
Heap after GC invocations=13 (full 2):
 PSYoungGen      total 483840K, used 18063K [0x00000007d5e80000, 0x00000007f5d80000, 0x0000000800000000)
  eden space 443392K, 0% used [0x00000007d5e80000,0x00000007d5e80000,0x00000007f0f80000)
  from space 40448K, 44% used [0x00000007f0f80000,0x00000007f2123c88,0x00000007f3700000)
  to   space 38400K, 0% used [0x00000007f3800000,0x00000007f3800000,0x00000007f5d80000)
 ParOldGen       total 145920K, used 76402K [0x0000000781c00000, 0x000000078aa80000, 0x00000007d5e80000)
  object space 145920K, 52% used [0x0000000781c00000,0x000000078669cad0,0x000000078aa80000)
 PSPermGen       total 29696K, used 26489K [0x000000077ca00000, 0x000000077e700000, 0x0000000781c00000)
  object space 29696K, 89% used [0x000000077ca00000,0x000000077e3de700,0x000000077e700000)
}
Event: 15.399 GC heap before
{Heap before GC invocations=14 (full 2):
 PSYoungGen      total 483840K, used 461455K [0x00000007d5e80000, 0x00000007f5d80000, 0x0000000800000000)
  eden space 443392K, 100% used [0x00000007d5e80000,0x00000007f0f80000,0x00000007f0f80000)
  from space 40448K, 44% used [0x00000007f0f80000,0x00000007f2123c88,0x00000007f3700000)
  to   space 38400K, 0% used [0x00000007f3800000,0x00000007f3800000,0x00000007f5d80000)
 ParOldGen       total 145920K, used 76402K [0x0000000781c00000, 0x000000078aa80000, 0x00000007d5e80000)
  object space 145920K, 52% used [0x0000000781c00000,0x000000078669cad0,0x000000078aa80000)
 PSPermGen       total 29696K, used 29128K [0x000000077ca00000, 0x000000077e700000, 0x0000000781c00000)
  object space 29696K, 98% used [0x000000077ca00000,0x000000077e672328,0x000000077e700000)
Event: 15.456 GC heap after
Heap after GC invocations=14 (full 2):
 PSYoungGen      total 470016K, used 38383K [0x00000007d5e80000, 0x00000007fcd00000, 0x0000000800000000)
  eden space 431616K, 0% used [0x00000007d5e80000,0x00000007d5e80000,0x00000007f0400000)
  from space 38400K, 99% used [0x00000007f3800000,0x00000007f5d7bc70,0x00000007f5d80000)
  to   space 53248K, 0% used [0x00000007f0400000,0x00000007f0400000,0x00000007f3800000)
 ParOldGen       total 145920K, used 100923K [0x0000000781c00000, 0x000000078aa80000, 0x00000007d5e80000)
  object space 145920K, 69% used [0x0000000781c00000,0x0000000787e8ef00,0x000000078aa80000)
 PSPermGen       total 29696K, used 29128K [0x000000077ca00000, 0x000000077e700000, 0x0000000781c00000)
  object space 29696K, 98% used [0x000000077ca00000,0x000000077e672328,0x000000077e700000)
}
Event: 18.207 GC heap before
{Heap before GC invocations=15 (full 2):
 PSYoungGen      total 470016K, used 469999K [0x00000007d5e80000, 0x00000007fcd00000, 0x0000000800000000)
  eden space 431616K, 100% used [0x00000007d5e80000,0x00000007f0400000,0x00000007f0400000)
  from space 38400K, 99% used [0x00000007f3800000,0x00000007f5d7bc70,0x00000007f5d80000)
  to   space 53248K, 0% used [0x00000007f0400000,0x00000007f0400000,0x00000007f3800000)
 ParOldGen       total 145920K, used 100923K [0x0000000781c00000, 0x000000078aa80000, 0x00000007d5e80000)
  object space 145920K, 69% used [0x0000000781c00000,0x0000000787e8ef00,0x000000078aa80000)
 PSPermGen       total 33792K, used 33324K [0x000000077ca00000, 0x000000077eb00000, 0x0000000781c00000)
  object space 33792K, 98% used [0x000000077ca00000,0x000000077ea8b098,0x000000077eb00000)
Event: 18.240 GC heap after
Heap after GC invocations=15 (full 2):
 PSYoungGen      total 484864K, used 35372K [0x00000007d5e80000, 0x00000007fbb00000, 0x0000000800000000)
  eden space 431616K, 0% used [0x00000007d5e80000,0x00000007d5e80000,0x00000007f0400000)
  from space 53248K, 66% used [0x00000007f0400000,0x00000007f268b1e0,0x00000007f3800000)
  to   space 54784K, 0% used [0x00000007f8580000,0x00000007f8580000,0x00000007fbb00000)
 ParOldGen       total 145920K, used 111354K [0x0000000781c00000, 0x000000078aa80000, 0x00000007d5e80000)
  object space 145920K, 76% used [0x0000000781c00000,0x00000007888bea60,0x000000078aa80000)
 PSPermGen       total 33792K, used 33324K [0x000000077ca00000, 0x000000077eb00000, 0x0000000781c00000)
  object space 33792K, 98% used [0x000000077ca00000,0x000000077ea8b098,0x000000077eb00000)
}
Event: 20.872 GC heap before
{Heap before GC invocations=16 (full 2):
 PSYoungGen      total 484864K, used 466988K [0x00000007d5e80000, 0x00000007fbb00000, 0x0000000800000000)
  eden space 431616K, 100% used [0x00000007d5e80000,0x00000007f0400000,0x00000007f0400000)
  from space 53248K, 66% used [0x00000007f0400000,0x00000007f268b1e0,0x00000007f3800000)
  to   space 54784K, 0% used [0x00000007f8580000,0x00000007f8580000,0x00000007fbb00000)
 ParOldGen       total 145920K, used 111354K [0x0000000781c00000, 0x000000078aa80000, 0x00000007d5e80000)
  object space 145920K, 76% used [0x0000000781c00000,0x00000007888bea60,0x000000078aa80000)
 PSPermGen       total 39424K, used 39195K [0x000000077ca00000, 0x000000077f080000, 0x0000000781c00000)
  object space 39424K, 99% used [0x000000077ca00000,0x000000077f046c00,0x000000077f080000)
Event: 20.910 GC heap after
Heap after GC invocations=16 (full 2):
 PSYoungGen      total 559616K, used 45325K [0x00000007d5e80000, 0x00000007fbf80000, 0x0000000800000000)
  eden space 504832K, 0% used [0x00000007d5e80000,0x00000007d5e80000,0x00000007f4b80000)
  from space 54784K, 82% used [0x00000007f8580000,0x00000007fb1c3680,0x00000007fbb00000)
  to   space 59392K, 0% used [0x00000007f4b80000,0x00000007f4b80000,0x00000007f8580000)
 ParOldGen       total 145920K, used 111362K [0x0000000781c00000, 0x000000078aa80000, 0x00000007d5e80000)
  object space 145920K, 76% used [0x0000000781c00000,0x00000007888c0a60,0x000000078aa80000)
 PSPermGen       total 39424K, used 39195K [0x000000077ca00000, 0x000000077f080000, 0x0000000781c00000)
  object space 39424K, 99% used [0x000000077ca00000,0x000000077f046c00,0x000000077f080000)
}

