# JRE version: Java(TM) SE Runtime Environment (7.0_79-b15) (build 1.7.0_79-b15)
# Java VM: Java HotSpot(TM) 64-Bit Server VM (24.79-b02 mixed mode windows-amd64 compressed oops)
Heap
 PSYoungGen      total 555520K, used 58316K [0x00000007d5e80000, 0x00000007fbe00000, 0x0000000800000000)
  eden space 501248K, 2% used [0x00000007d5e80000,0x00000007d6b29808,0x00000007f4800000)
  from space 54272K, 83% used [0x00000007f8200000,0x00000007fae49be0,0x00000007fb700000)
  to   space 59392K, 0% used [0x00000007f4800000,0x00000007f4800000,0x00000007f8200000)
 ParOldGen       total 141824K, used 106918K [0x0000000781c00000, 0x000000078a680000, 0x00000007d5e80000)
  object space 141824K, 75% used [0x0000000781c00000,0x0000000788469978,0x000000078a680000)
 PSPermGen       total 39424K, used 39374K [0x000000077ca00000, 0x000000077f080000, 0x0000000781c00000)
  object space 39424K, 99% used [0x000000077ca00000,0x000000077f073990,0x000000077f080000)
GC Heap History (10 events):
Event: 8.048 GC heap before
{Heap before GC invocations=12 (full 2):
 PSYoungGen      total 400384K, used 32248K [0x00000007d5e80000, 0x00000007f5e80000, 0x0000000800000000)
  eden space 368128K, 0% used [0x00000007d5e80000,0x00000007d5e80000,0x00000007ec600000)
  from space 32256K, 99% used [0x00000007f3f00000,0x00000007f5e7e088,0x00000007f5e80000)
  to   space 40448K, 0% used [0x00000007f0f80000,0x00000007f0f80000,0x00000007f3700000)
 ParOldGen       total 86016K, used 70970K [0x0000000781c00000, 0x0000000787000000, 0x00000007d5e80000)
  object space 86016K, 82% used [0x0000000781c00000,0x000000078614ea40,0x0000000787000000)
 PSPermGen       total 21504K, used 19354K [0x000000077ca00000, 0x000000077df00000, 0x0000000781c00000)
  object space 21504K, 90% used [0x000000077ca00000,0x000000077dce6b68,0x000000077df00000)
Event: 8.411 GC heap after
Heap after GC invocations=12 (full 2):
 PSYoungGen      total 400384K, used 0K [0x00000007d5e80000, 0x00000007f5e80000, 0x0000000800000000)
  eden space 368128K, 0% used [0x00000007d5e80000,0x00000007d5e80000,0x00000007ec600000)
  from space 32256K, 0% used [0x00000007f3f00000,0x00000007f3f00000,0x00000007f5e80000)
  to   space 40448K, 0% used [0x00000007f0f80000,0x00000007f0f80000,0x00000007f3700000)
 ParOldGen       total 141824K, used 72141K [0x0000000781c00000, 0x000000078a680000, 0x00000007d5e80000)
  object space 141824K, 50% used [0x0000000781c00000,0x0000000786273770,0x000000078a680000)
 PSPermGen       total 29696K, used 19349K [0x000000077ca00000, 0x000000077e700000, 0x0000000781c00000)
  object space 29696K, 65% used [0x000000077ca00000,0x000000077dce5648,0x000000077e700000)
}
Event: 10.474 GC heap before
{Heap before GC invocations=13 (full 2):
 PSYoungGen      total 400384K, used 368128K [0x00000007d5e80000, 0x00000007f5e80000, 0x0000000800000000)
  eden space 368128K, 100% used [0x00000007d5e80000,0x00000007ec600000,0x00000007ec600000)
  from space 32256K, 0% used [0x00000007f3f00000,0x00000007f3f00000,0x00000007f5e80000)
  to   space 40448K, 0% used [0x00000007f0f80000,0x00000007f0f80000,0x00000007f3700000)
 ParOldGen       total 141824K, used 72141K [0x0000000781c00000, 0x000000078a680000, 0x00000007d5e80000)
  object space 141824K, 50% used [0x0000000781c00000,0x0000000786273770,0x000000078a680000)
 PSPermGen       total 29696K, used 26459K [0x000000077ca00000, 0x000000077e700000, 0x0000000781c00000)
  object space 29696K, 89% used [0x000000077ca00000,0x000000077e3d6f38,0x000000077e700000)
Event: 10.499 GC heap after
Heap after GC invocations=13 (full 2):
 PSYoungGen      total 461824K, used 18037K [0x00000007d5e80000, 0x00000007f5c00000, 0x0000000800000000)
  eden space 443392K, 0% used [0x00000007d5e80000,0x00000007d5e80000,0x00000007f0f80000)
  from space 18432K, 97% used [0x00000007f0f80000,0x00000007f211d758,0x00000007f2180000)
  to   space 38400K, 0% used [0x00000007f3680000,0x00000007f3680000,0x00000007f5c00000)
 ParOldGen       total 141824K, used 72141K [0x0000000781c00000, 0x000000078a680000, 0x00000007d5e80000)
  object space 141824K, 50% used [0x0000000781c00000,0x0000000786273770,0x000000078a680000)
 PSPermGen       total 29696K, used 26459K [0x000000077ca00000, 0x000000077e700000, 0x0000000781c00000)
  object space 29696K, 89% used [0x000000077ca00000,0x000000077e3d6f38,0x000000077e700000)
}
Event: 14.163 GC heap before
{Heap before GC invocations=14 (full 2):
 PSYoungGen      total 461824K, used 461429K [0x00000007d5e80000, 0x00000007f5c00000, 0x0000000800000000)
  eden space 443392K, 100% used [0x00000007d5e80000,0x00000007f0f80000,0x00000007f0f80000)
  from space 18432K, 97% used [0x00000007f0f80000,0x00000007f211d758,0x00000007f2180000)
  to   space 38400K, 0% used [0x00000007f3680000,0x00000007f3680000,0x00000007f5c00000)
 ParOldGen       total 141824K, used 72141K [0x0000000781c00000, 0x000000078a680000, 0x00000007d5e80000)
  object space 141824K, 50% used [0x0000000781c00000,0x0000000786273770,0x000000078a680000)
 PSPermGen       total 29696K, used 29129K [0x000000077ca00000, 0x000000077e700000, 0x0000000781c00000)
  object space 29696K, 98% used [0x000000077ca00000,0x000000077e672488,0x000000077e700000)
Event: 14.209 GC heap after
Heap after GC invocations=14 (full 2):
 PSYoungGen      total 468992K, used 38383K [0x00000007d5e80000, 0x00000007fc880000, 0x0000000800000000)
  eden space 430592K, 0% used [0x00000007d5e80000,0x00000007d5e80000,0x00000007f0300000)
  from space 38400K, 99% used [0x00000007f3680000,0x00000007f5bfbdb8,0x00000007f5c00000)
  to   space 52736K, 0% used [0x00000007f0300000,0x00000007f0300000,0x00000007f3680000)
 ParOldGen       total 141824K, used 96575K [0x0000000781c00000, 0x000000078a680000, 0x00000007d5e80000)
  object space 141824K, 68% used [0x0000000781c00000,0x0000000787a4fc40,0x000000078a680000)
 PSPermGen       total 29696K, used 29129K [0x000000077ca00000, 0x000000077e700000, 0x0000000781c00000)
  object space 29696K, 98% used [0x000000077ca00000,0x000000077e672488,0x000000077e700000)
}
Event: 16.905 GC heap before
{Heap before GC invocations=15 (full 2):
 PSYoungGen      total 468992K, used 468975K [0x00000007d5e80000, 0x00000007fc880000, 0x0000000800000000)
  eden space 430592K, 100% used [0x00000007d5e80000,0x00000007f0300000,0x00000007f0300000)
  from space 38400K, 99% used [0x00000007f3680000,0x00000007f5bfbdb8,0x00000007f5c00000)
  to   space 52736K, 0% used [0x00000007f0300000,0x00000007f0300000,0x00000007f3680000)
 ParOldGen       total 141824K, used 96575K [0x0000000781c00000, 0x000000078a680000, 0x00000007d5e80000)
  object space 141824K, 68% used [0x0000000781c00000,0x0000000787a4fc40,0x000000078a680000)
 PSPermGen       total 33792K, used 33326K [0x000000077ca00000, 0x000000077eb00000, 0x0000000781c00000)
  object space 33792K, 98% used [0x000000077ca00000,0x000000077ea8b900,0x000000077eb00000)
Event: 16.940 GC heap after
Heap after GC invocations=15 (full 2):
 PSYoungGen      total 483328K, used 35301K [0x00000007d5e80000, 0x00000007fb700000, 0x0000000800000000)
  eden space 430592K, 0% used [0x00000007d5e80000,0x00000007d5e80000,0x00000007f0300000)
  from space 52736K, 66% used [0x00000007f0300000,0x00000007f25794f0,0x00000007f3680000)
  to   space 54272K, 0% used [0x00000007f8200000,0x00000007f8200000,0x00000007fb700000)
 ParOldGen       total 141824K, used 106918K [0x0000000781c00000, 0x000000078a680000, 0x00000007d5e80000)
  object space 141824K, 75% used [0x0000000781c00000,0x0000000788469978,0x000000078a680000)
 PSPermGen       total 33792K, used 33326K [0x000000077ca00000, 0x000000077eb00000, 0x0000000781c00000)
  object space 33792K, 98% used [0x000000077ca00000,0x000000077ea8b900,0x000000077eb00000)
}
Event: 19.625 GC heap before
{Heap before GC invocations=16 (full 2):
 PSYoungGen      total 483328K, used 465893K [0x00000007d5e80000, 0x00000007fb700000, 0x0000000800000000)
  eden space 430592K, 100% used [0x00000007d5e80000,0x00000007f0300000,0x00000007f0300000)
  from space 52736K, 66% used [0x00000007f0300000,0x00000007f25794f0,0x00000007f3680000)
  to   space 54272K, 0% used [0x00000007f8200000,0x00000007f8200000,0x00000007fb700000)
 ParOldGen       total 141824K, used 106918K [0x0000000781c00000, 0x000000078a680000, 0x00000007d5e80000)
  object space 141824K, 75% used [0x0000000781c00000,0x0000000788469978,0x000000078a680000)
 PSPermGen       total 39424K, used 39275K [0x000000077ca00000, 0x000000077f080000, 0x0000000781c00000)
  object space 39424K, 99% used [0x000000077ca00000,0x000000077f05add0,0x000000077f080000)
Event: 19.668 GC heap after
Heap after GC invocations=16 (full 2):
 PSYoungGen      total 555520K, used 45350K [0x00000007d5e80000, 0x00000007fbe00000, 0x0000000800000000)
  eden space 501248K, 0% used [0x00000007d5e80000,0x00000007d5e80000,0x00000007f4800000)
  from space 54272K, 83% used [0x00000007f8200000,0x00000007fae49be0,0x00000007fb700000)
  to   space 59392K, 0% used [0x00000007f4800000,0x00000007f4800000,0x00000007f8200000)
 ParOldGen       total 141824K, used 106918K [0x0000000781c00000, 0x000000078a680000, 0x00000007d5e80000)
  object space 141824K, 75% used [0x0000000781c00000,0x0000000788469978,0x000000078a680000)
 PSPermGen       total 39424K, used 39275K [0x000000077ca00000, 0x000000077f080000, 0x0000000781c00000)
  object space 39424K, 99% used [0x000000077ca00000,0x000000077f05add0,0x000000077f080000)
}

